<?xml version="1.0" encoding="UTF-8"?>
<!-- Generated by org.testng.reporters.JUnitReportReporter -->
<testsuite hostname="DevendraS-130398" failures="0" tests="2" name="com.crm.qa.testcases.State_MasterListingPageTest" time="18.036" errors="0" timestamp="12 Mar 2024 12:21:48 GMT" skipped="0">
  <testcase classname="com.crm.qa.testcases.State_MasterListingPageTest" name="verifyhomepage" time="6.495"/>
  <testcase classname="com.crm.qa.testcases.State_MasterListingPageTest" name="verifyStateListingpage" time="11.541"/>
</testsuite> <!-- com.crm.qa.testcases.State_MasterListingPageTest -->
