<?xml version="1.0" encoding="UTF-8"?>
<!-- Generated by org.testng.reporters.JUnitReportReporter -->
<testsuite hostname="DevendraS-130398" failures="0" tests="1" name="com.crm.qa.testcases.CartMasterListingPageTest" time="7.543" errors="0" timestamp="27 Feb 2025 10:25:55 GMT" skipped="0">
  <testcase classname="com.crm.qa.testcases.CartMasterListingPageTest" name="PaginationBtn_Next" time="7.543"/>
</testsuite> <!-- com.crm.qa.testcases.CartMasterListingPageTest -->
