<?xml version="1.0" encoding="UTF-8"?>
<!-- Generated by org.testng.reporters.JUnitReportReporter -->
<testsuite hostname="DevendraS-130398" failures="0" tests="20" name="com.crm.qa.testcases.D2D_BookingPageTest" time="1440.003" errors="0" timestamp="19 Mar 2024 09:29:27 GMT" skipped="0">
  <testcase classname="com.crm.qa.testcases.D2D_BookingPageTest" name="verifyhomepage" time="8.965"/>
  <testcase classname="com.crm.qa.testcases.D2D_BookingPageTest" name="verifyD2D_Booking_gpage" time="14.620"/>
  <testcase classname="com.crm.qa.testcases.D2D_BookingPageTest" name="D2D_Prepaid_Warehouse_To_Warehouse_flow" time="57.273"/>
  <testcase classname="com.crm.qa.testcases.D2D_BookingPageTest" name="D2DBooking_Prepaid_Gen_Warehouse_to_Warehouse_flow" time="54.454"/>
  <testcase classname="com.crm.qa.testcases.D2D_BookingPageTest" name="D2DBooking_Walking_Warehouse_to_Warehouse_flow" time="63.937"/>
  <testcase classname="com.crm.qa.testcases.D2D_BookingPageTest" name="D2D_Prepaid_Single_leg_flow" time="74.572"/>
  <testcase classname="com.crm.qa.testcases.D2D_BookingPageTest" name="D2D_Prepaid_Single_leg_Walking_flow" time="84.040"/>
  <testcase classname="com.crm.qa.testcases.D2D_BookingPageTest" name="D2D_Prepaid_Double_leg_Gen_flow" time="89.531"/>
  <testcase classname="com.crm.qa.testcases.D2D_BookingPageTest" name="D2D_Prepaid_Double_leg_WLK_flow" time="93.547"/>
  <testcase classname="com.crm.qa.testcases.D2D_BookingPageTest" name="D2D_Prepaid_Double_leg_Wh2wh_SingleFlight_Gen_flow" time="95.175"/>
  <testcase classname="com.crm.qa.testcases.D2D_BookingPageTest" name="D2D_Prepaid_Double_leg_Wh2wh_SingleFlight_Walking_flow" time="101.359"/>
  <testcase classname="com.crm.qa.testcases.D2D_BookingPageTest" name="D2D_Postpaid_Warehouse_To_Warehouse_flow" time="55.699"/>
  <testcase classname="com.crm.qa.testcases.D2D_BookingPageTest" name="D2DBooking_Postpaid_Gen_Warehouse_to_Warehouse_flow" time="54.082"/>
  <testcase classname="com.crm.qa.testcases.D2D_BookingPageTest" name="D2DBooking_Postpaid_Walking_Warehouse_to_Warehouse_flow" time="64.978"/>
  <testcase classname="com.crm.qa.testcases.D2D_BookingPageTest" name="D2DBooking_PostPaid_Single_leg_flow" time="73.510"/>
  <testcase classname="com.crm.qa.testcases.D2D_BookingPageTest" name="D2D_Postpaid_Single_leg_Walking_flow" time="85.371"/>
  <testcase classname="com.crm.qa.testcases.D2D_BookingPageTest" name="D2D_Postpaid_Double_leg_Gen_flow" time="84.783"/>
  <testcase classname="com.crm.qa.testcases.D2D_BookingPageTest" name="D2D_Postpaid_Double_leg_WLK_flow" time="90.932"/>
  <testcase classname="com.crm.qa.testcases.D2D_BookingPageTest" name="D2D_Postpaid_Double_leg_Wh2wh_SingleFlight_Gen_flow" time="93.026"/>
  <testcase classname="com.crm.qa.testcases.D2D_BookingPageTest" name="D2D_Postpaid_Double_leg_Wh2wh_SingleFlight_Walking_flow" time="100.149"/>
</testsuite> <!-- com.crm.qa.testcases.D2D_BookingPageTest -->
