<?xml version="1.0" encoding="UTF-8"?>
<!-- Generated by org.testng.reporters.JUnitReportReporter -->
<testsuite hostname="DevendraS-130398" failures="2" tests="11" name="com.crm.qa.testcases.CartMasterListingPageTest" time="212.032" errors="0" timestamp="16 Feb 2025 15:44:22 GMT" skipped="0">
  <testcase classname="com.crm.qa.testcases.CartMasterListingPageTest" name="verifyhomepage" time="7.114"/>
  <testcase classname="com.crm.qa.testcases.CartMasterListingPageTest" name="verifyCartListingpage" time="80.905">
    <failure message="expected [https://devspicexpress.kargo360tech.com/cart/list] but found [https://devspicexpress.kargo360tech.com/dashboard]" type="java.lang.AssertionError">
      <![CDATA[java.lang.AssertionError: expected [https://devspicexpress.kargo360tech.com/cart/list] but found [https://devspicexpress.kargo360tech.com/dashboard]
	at org.testng.Assert.fail(Assert.java:93)
	at org.testng.Assert.failNotEquals(Assert.java:512)
	at org.testng.Assert.assertEqualsImpl(Assert.java:134)
	at org.testng.Assert.assertEquals(Assert.java:115)
	at org.testng.Assert.assertEquals(Assert.java:189)
	at org.testng.Assert.assertEquals(Assert.java:199)
	at com.crm.qa.testcases.CartMasterListingPageTest.verifyCartListingpage(CartMasterListingPageTest.java:80)
	at java.base/jdk.internal.reflect.NativeMethodAccessorImpl.invoke0(Native Method)
	at java.base/jdk.internal.reflect.NativeMethodAccessorImpl.invoke(NativeMethodAccessorImpl.java:77)
	at java.base/jdk.internal.reflect.DelegatingMethodAccessorImpl.invoke(DelegatingMethodAccessorImpl.java:43)
	at java.base/java.lang.reflect.Method.invoke(Method.java:568)
	at org.testng.internal.MethodInvocationHelper.invokeMethod(MethodInvocationHelper.java:108)
	at org.testng.internal.Invoker.invokeMethod(Invoker.java:661)
	at org.testng.internal.Invoker.invokeTestMethod(Invoker.java:869)
	at org.testng.internal.Invoker.invokeTestMethods(Invoker.java:1193)
	at org.testng.internal.TestMethodWorker.invokeTestMethods(TestMethodWorker.java:126)
	at org.testng.internal.TestMethodWorker.run(TestMethodWorker.java:109)
	at org.testng.TestRunner.privateRun(TestRunner.java:744)
	at org.testng.TestRunner.run(TestRunner.java:602)
	at org.testng.SuiteRunner.runTest(SuiteRunner.java:380)
	at org.testng.SuiteRunner.runSequentially(SuiteRunner.java:375)
	at org.testng.SuiteRunner.privateRun(SuiteRunner.java:340)
	at org.testng.SuiteRunner.run(SuiteRunner.java:289)
	at org.testng.SuiteRunnerWorker.runSuite(SuiteRunnerWorker.java:52)
	at org.testng.SuiteRunnerWorker.run(SuiteRunnerWorker.java:86)
	at org.testng.TestNG.runSuitesSequentially(TestNG.java:1301)
	at org.testng.TestNG.runSuitesLocally(TestNG.java:1226)
	at org.testng.TestNG.runSuites(TestNG.java:1144)
	at org.testng.TestNG.run(TestNG.java:1115)
	at org.testng.remote.AbstractRemoteTestNG.run(AbstractRemoteTestNG.java:115)
	at org.testng.remote.RemoteTestNG.initAndRun(RemoteTestNG.java:251)
	at org.testng.remote.RemoteTestNG.main(RemoteTestNG.java:77)
]]>
    </failure>
  </testcase> <!-- verifyCartListingpage -->
  <testcase classname="com.crm.qa.testcases.CartMasterListingPageTest" name="verifyUIElements" time="20.863"/>
  <testcase classname="com.crm.qa.testcases.CartMasterListingPageTest" name="verifySearchbtn_withCartNo" time="10.616"/>
  <testcase classname="com.crm.qa.testcases.CartMasterListingPageTest" name="verifySearchbtn_withCartdes" time="11.802"/>
  <testcase classname="com.crm.qa.testcases.CartMasterListingPageTest" name="verifySearchbtn_withStationCode" time="9.607"/>
  <testcase classname="com.crm.qa.testcases.CartMasterListingPageTest" name="verifySearchbtn_withStatus" time="13.899"/>
  <testcase classname="com.crm.qa.testcases.CartMasterListingPageTest" name="testRefreshButton_withCartNo" time="15.049"/>
  <testcase classname="com.crm.qa.testcases.CartMasterListingPageTest" name="testRefreshButton_withDes" time="9.001">
    <failure message="expected [Trolly] but found [Cart]" type="java.lang.AssertionError">
      <![CDATA[java.lang.AssertionError: expected [Trolly] but found [Cart]
	at org.testng.Assert.fail(Assert.java:93)
	at org.testng.Assert.failNotEquals(Assert.java:512)
	at org.testng.Assert.assertEqualsImpl(Assert.java:134)
	at org.testng.Assert.assertEquals(Assert.java:115)
	at org.testng.Assert.assertEquals(Assert.java:189)
	at org.testng.Assert.assertEquals(Assert.java:199)
	at com.crm.qa.testcases.CartMasterListingPageTest.testRefreshButton_withDes(CartMasterListingPageTest.java:249)
	at java.base/jdk.internal.reflect.NativeMethodAccessorImpl.invoke0(Native Method)
	at java.base/jdk.internal.reflect.NativeMethodAccessorImpl.invoke(NativeMethodAccessorImpl.java:77)
	at java.base/jdk.internal.reflect.DelegatingMethodAccessorImpl.invoke(DelegatingMethodAccessorImpl.java:43)
	at java.base/java.lang.reflect.Method.invoke(Method.java:568)
	at org.testng.internal.MethodInvocationHelper.invokeMethod(MethodInvocationHelper.java:108)
	at org.testng.internal.Invoker.invokeMethod(Invoker.java:661)
	at org.testng.internal.Invoker.invokeTestMethod(Invoker.java:869)
	at org.testng.internal.Invoker.invokeTestMethods(Invoker.java:1193)
	at org.testng.internal.TestMethodWorker.invokeTestMethods(TestMethodWorker.java:126)
	at org.testng.internal.TestMethodWorker.run(TestMethodWorker.java:109)
	at org.testng.TestRunner.privateRun(TestRunner.java:744)
	at org.testng.TestRunner.run(TestRunner.java:602)
	at org.testng.SuiteRunner.runTest(SuiteRunner.java:380)
	at org.testng.SuiteRunner.runSequentially(SuiteRunner.java:375)
	at org.testng.SuiteRunner.privateRun(SuiteRunner.java:340)
	at org.testng.SuiteRunner.run(SuiteRunner.java:289)
	at org.testng.SuiteRunnerWorker.runSuite(SuiteRunnerWorker.java:52)
	at org.testng.SuiteRunnerWorker.run(SuiteRunnerWorker.java:86)
	at org.testng.TestNG.runSuitesSequentially(TestNG.java:1301)
	at org.testng.TestNG.runSuitesLocally(TestNG.java:1226)
	at org.testng.TestNG.runSuites(TestNG.java:1144)
	at org.testng.TestNG.run(TestNG.java:1115)
	at org.testng.remote.AbstractRemoteTestNG.run(AbstractRemoteTestNG.java:115)
	at org.testng.remote.RemoteTestNG.initAndRun(RemoteTestNG.java:251)
	at org.testng.remote.RemoteTestNG.main(RemoteTestNG.java:77)
]]>
    </failure>
  </testcase> <!-- testRefreshButton_withDes -->
  <testcase classname="com.crm.qa.testcases.CartMasterListingPageTest" name="testRefreshButton_withStationCode" time="12.912"/>
  <testcase classname="com.crm.qa.testcases.CartMasterListingPageTest" name="testRefreshButton_withStatus" time="20.264"/>
</testsuite> <!-- com.crm.qa.testcases.CartMasterListingPageTest -->
