<?xml version="1.0" encoding="UTF-8"?>
<!-- Generated by org.testng.reporters.JUnitReportReporter -->
<testsuite hostname="DevendraS-130398" failures="0" tests="1" name="com.crm.qa.testcases.CountryMasterListingPageTest" time="14.233" errors="0" timestamp="12 Mar 2024 12:21:48 GMT" skipped="0">
  <testcase classname="com.crm.qa.testcases.CountryMasterListingPageTest" name="verifyCountryListingpage" time="14.233"/>
</testsuite> <!-- com.crm.qa.testcases.CountryMasterListingPageTest -->
