<?xml version="1.0" encoding="UTF-8"?>
<!-- Generated by org.testng.reporters.JUnitReportReporter -->
<testsuite hostname="DevendraS-130398" failures="0" tests="2" name="com.crm.qa.testcases.HSCode_MasterCurrencyMasterListingPageTest" time="15.140" errors="0" timestamp="10 Mar 2024 16:18:58 GMT" skipped="0">
  <testcase classname="com.crm.qa.testcases.HSCode_MasterCurrencyMasterListingPageTest" name="verifyhomepage" time="5.389"/>
  <testcase classname="com.crm.qa.testcases.HSCode_MasterCurrencyMasterListingPageTest" name="verifyFreightForwarderListingpage" time="9.751"/>
</testsuite> <!-- com.crm.qa.testcases.HSCode_MasterCurrencyMasterListingPageTest -->
