<?xml version="1.0" encoding="UTF-8"?>
<!-- Generated by org.testng.reporters.JUnitReportReporter -->
<testsuite hostname="DevendraS-130398" failures="0" tests="2" name="com.crm.qa.testcases.CartMasterListingPageTest" time="15.110" errors="0" timestamp="14 Feb 2025 07:37:36 GMT" skipped="0">
  <testcase classname="com.crm.qa.testcases.CartMasterListingPageTest" name="verifyhomepage" time="6.160"/>
  <testcase classname="com.crm.qa.testcases.CartMasterListingPageTest" name="verifyCartListingpage" time="8.950"/>
</testsuite> <!-- com.crm.qa.testcases.CartMasterListingPageTest -->
