<?xml version="1.0" encoding="UTF-8"?>
<!-- Generated by org.testng.reporters.JUnitReportReporter -->
<testsuite hostname="DevendraS-130398" failures="0" tests="2" name="com.crm.qa.testcases.FreightForwarder_MasterCurrencyMasterListingPageTest" time="14.496" errors="0" timestamp="10 Mar 2024 15:21:14 GMT" skipped="0">
  <testcase classname="com.crm.qa.testcases.FreightForwarder_MasterCurrencyMasterListingPageTest" name="verifyhomepage" time="5.428"/>
  <testcase classname="com.crm.qa.testcases.FreightForwarder_MasterCurrencyMasterListingPageTest" name="verifyFreightForwarderListingpage" time="9.068"/>
</testsuite> <!-- com.crm.qa.testcases.FreightForwarder_MasterCurrencyMasterListingPageTest -->
