<?xml version="1.0" encoding="UTF-8"?>
<!-- Generated by org.testng.reporters.JUnitReportReporter -->
<testsuite hostname="Cargo-IT001" failures="0" tests="1" name="com.crm.qa.testcases.HomePageTest" time="10.656" errors="0" timestamp="2025-02-17T16:11:54 IST" skipped="0">
  <testcase classname="com.crm.qa.testcases.HomePageTest" name="verifyHomePageTitleTest" time="10.656"/>
  <system-out/>
</testsuite> <!-- com.crm.qa.testcases.HomePageTest -->
