<?xml version="1.0" encoding="UTF-8"?>
<!-- Generated by org.testng.reporters.JUnitReportReporter -->
<testsuite hostname="DevendraS-130398" failures="0" tests="1" name="com.crm.qa.testcases.international_BookingPageTest" time="66.315" errors="0" timestamp="19 Mar 2024 11:54:43 GMT" skipped="0">
  <testcase classname="com.crm.qa.testcases.international_BookingPageTest" name="international_Booking_Export_Single_leg_Gen_HAWB_flow" time="66.315"/>
</testsuite> <!-- com.crm.qa.testcases.international_BookingPageTest -->
