<?xml version="1.0" encoding="UTF-8"?>
<!-- Generated by org.testng.reporters.JUnitReportReporter -->
<testsuite hostname="DevendraS-130398" failures="0" tests="2" name="com.crm.qa.testcases.CartMasterListingPageTest" time="16.299" errors="0" timestamp="20 Jan 2025 10:30:29 GMT" skipped="0">
  <testcase classname="com.crm.qa.testcases.CartMasterListingPageTest" name="verifyhomepage" time="5.940"/>
  <testcase classname="com.crm.qa.testcases.CartMasterListingPageTest" name="verifyCartListingpage" time="10.359"/>
</testsuite> <!-- com.crm.qa.testcases.CartMasterListingPageTest -->
