<?xml version="1.0" encoding="UTF-8"?>
<!-- Generated by org.testng.reporters.JUnitReportReporter -->
<testsuite hostname="Cargo-IT001" failures="0" tests="1" name="com.crm.qa.testcases.CartMasterListingPageTest" time="19.816" errors="0" timestamp="2025-03-06T14:57:58 IST" skipped="0">
  <testcase classname="com.crm.qa.testcases.CartMasterListingPageTest" name="CreateCartbrn_working" time="19.816"/>
  <system-out/>
</testsuite> <!-- com.crm.qa.testcases.CartMasterListingPageTest -->
