<?xml version="1.0" encoding="UTF-8"?>
<!-- Generated by org.testng.reporters.JUnitReportReporter -->
<testsuite hostname="DevendraS-130398" failures="1" tests="13" name="com.crm.qa.testcases.CartMasterListingPageTest" time="107.276" errors="0" timestamp="24 Feb 2025 10:46:47 GMT" skipped="0">
  <testcase classname="com.crm.qa.testcases.CartMasterListingPageTest" name="verifyhomepage" time="6.208"/>
  <testcase classname="com.crm.qa.testcases.CartMasterListingPageTest" name="verifyCartListingpage" time="6.427"/>
  <testcase classname="com.crm.qa.testcases.CartMasterListingPageTest" name="verifyUIElements" time="8.306"/>
  <testcase classname="com.crm.qa.testcases.CartMasterListingPageTest" name="verifySearchbtn_withCartNo" time="7.728"/>
  <testcase classname="com.crm.qa.testcases.CartMasterListingPageTest" name="verifySearchbtn_withCartdes" time="8.639"/>
  <testcase classname="com.crm.qa.testcases.CartMasterListingPageTest" name="verifySearchbtn_withStationCode" time="10.614"/>
  <testcase classname="com.crm.qa.testcases.CartMasterListingPageTest" name="verifySearchbtn_withStatus" time="8.028"/>
  <testcase classname="com.crm.qa.testcases.CartMasterListingPageTest" name="testRefreshButton_withCartNo" time="8.157"/>
  <testcase classname="com.crm.qa.testcases.CartMasterListingPageTest" name="testRefreshButton_withDes" time="11.459"/>
  <testcase classname="com.crm.qa.testcases.CartMasterListingPageTest" name="testRefreshButton_withStationCode" time="7.522"/>
  <testcase classname="com.crm.qa.testcases.CartMasterListingPageTest" name="testRefreshButton_withStatus" time="9.037"/>
  <testcase classname="com.crm.qa.testcases.CartMasterListingPageTest" name="SearchButton_with_FromDate_ToDate_Morethen90days" time="7.347">
    <failure message="❌ Table did not reset! expected [true] but found [false]" type="java.lang.AssertionError">
      <![CDATA[java.lang.AssertionError: ❌ Table did not reset! expected [true] but found [false]
	at org.testng.Assert.fail(Assert.java:93)
	at org.testng.Assert.failNotEquals(Assert.java:512)
	at org.testng.Assert.assertTrue(Assert.java:41)
	at com.crm.qa.testcases.CartMasterListingPageTest.SearchButton_with_FromDate_ToDate_Morethen90days(CartMasterListingPageTest.java:336)
	at java.base/jdk.internal.reflect.NativeMethodAccessorImpl.invoke0(Native Method)
	at java.base/jdk.internal.reflect.NativeMethodAccessorImpl.invoke(NativeMethodAccessorImpl.java:77)
	at java.base/jdk.internal.reflect.DelegatingMethodAccessorImpl.invoke(DelegatingMethodAccessorImpl.java:43)
	at java.base/java.lang.reflect.Method.invoke(Method.java:568)
	at org.testng.internal.MethodInvocationHelper.invokeMethod(MethodInvocationHelper.java:108)
	at org.testng.internal.Invoker.invokeMethod(Invoker.java:661)
	at org.testng.internal.Invoker.invokeTestMethod(Invoker.java:869)
	at org.testng.internal.Invoker.invokeTestMethods(Invoker.java:1193)
	at org.testng.internal.TestMethodWorker.invokeTestMethods(TestMethodWorker.java:126)
	at org.testng.internal.TestMethodWorker.run(TestMethodWorker.java:109)
	at org.testng.TestRunner.privateRun(TestRunner.java:744)
	at org.testng.TestRunner.run(TestRunner.java:602)
	at org.testng.SuiteRunner.runTest(SuiteRunner.java:380)
	at org.testng.SuiteRunner.runSequentially(SuiteRunner.java:375)
	at org.testng.SuiteRunner.privateRun(SuiteRunner.java:340)
	at org.testng.SuiteRunner.run(SuiteRunner.java:289)
	at org.testng.SuiteRunnerWorker.runSuite(SuiteRunnerWorker.java:52)
	at org.testng.SuiteRunnerWorker.run(SuiteRunnerWorker.java:86)
	at org.testng.TestNG.runSuitesSequentially(TestNG.java:1301)
	at org.testng.TestNG.runSuitesLocally(TestNG.java:1226)
	at org.testng.TestNG.runSuites(TestNG.java:1144)
	at org.testng.TestNG.run(TestNG.java:1115)
	at org.testng.remote.AbstractRemoteTestNG.run(AbstractRemoteTestNG.java:115)
	at org.testng.remote.RemoteTestNG.initAndRun(RemoteTestNG.java:251)
	at org.testng.remote.RemoteTestNG.main(RemoteTestNG.java:77)
]]>
    </failure>
  </testcase> <!-- SearchButton_with_FromDate_ToDate_Morethen90days -->
  <testcase classname="com.crm.qa.testcases.CartMasterListingPageTest" name="SearchButton_with_FromDate_ToDate_within90days" time="7.804"/>
</testsuite> <!-- com.crm.qa.testcases.CartMasterListingPageTest -->
