<?xml version="1.0" encoding="UTF-8"?>
<!-- Generated by org.testng.reporters.JUnitReportReporter -->
<testsuite hostname="DevendraS-130398" failures="0" tests="1" name="com.crm.qa.testcases.Void_AWBPageTest" time="54.872" errors="0" timestamp="13 Mar 2024 10:57:44 GMT" skipped="0">
  <testcase classname="com.crm.qa.testcases.Void_AWBPageTest" name="Maintain_AWB_Reporcessflow" time="54.872"/>
</testsuite> <!-- com.crm.qa.testcases.Void_AWBPageTest -->
