<?xml version="1.0" encoding="UTF-8"?>
<!-- Generated by org.testng.reporters.JUnitReportReporter -->
<testsuite hostname="DevendraS-130398" failures="0" tests="2" name="com.crm.qa.testcases.Airport_Warehouse_MasterListingPageTest" time="17.082" errors="0" timestamp="12 Mar 2024 12:21:48 GMT" skipped="0">
  <testcase classname="com.crm.qa.testcases.Airport_Warehouse_MasterListingPageTest" name="verifyhomepage" time="7.219"/>
  <testcase classname="com.crm.qa.testcases.Airport_Warehouse_MasterListingPageTest" name="verifyAircraftListingpage" time="9.863"/>
</testsuite> <!-- com.crm.qa.testcases.Airport_Warehouse_MasterListingPageTest -->
