<?xml version="1.0" encoding="UTF-8"?>
<!-- Generated by org.testng.reporters.JUnitReportReporter -->
<testsuite hostname="DevendraS-130398" failures="0" tests="2" name="com.crm.qa.testcases.CartMasterListingPageTest" time="16.058" errors="0" timestamp="15 Feb 2025 09:04:38 GMT" skipped="0">
  <testcase classname="com.crm.qa.testcases.CartMasterListingPageTest" name="verifyhomepage" time="7.237"/>
  <testcase classname="com.crm.qa.testcases.CartMasterListingPageTest" name="verifyCartListingpage" time="8.821"/>
</testsuite> <!-- com.crm.qa.testcases.CartMasterListingPageTest -->
